<?xml version="1.0" encoding="UTF-8"?>
<!-- Generated by org.testng.reporters.JUnitReportReporter -->
<testsuite hostname="DESKTOP-7BQIMKS" failures="0" tests="10" name="TestCase09.ShoppingTest" time="45.962" errors="0" timestamp="2024-07-07T23:27:29 IST" skipped="0">
  <testcase classname="TestCase09.ShoppingTest" name="SignUppageTest" time="8.758"/>
  <testcase classname="TestCase09.ShoppingTest" name="shopToday" time="4.357"/>
  <testcase classname="TestCase09.ShoppingTest" name="climateFilter" time="2.135"/>
  <testcase classname="TestCase09.ShoppingTest" name="coolClimate" time="4.016"/>
  <testcase classname="TestCase09.ShoppingTest" name="selectItem" time="3.988"/>
  <testcase classname="TestCase09.ShoppingTest" name="selectSize" time="4.364"/>
  <testcase classname="TestCase09.ShoppingTest" name="AddToWishList" time="2.174"/>
  <testcase classname="TestCase09.ShoppingTest" name="ViewWishList" time="5.824"/>
  <testcase classname="TestCase09.ShoppingTest" name="ShippingAddress" time="8.573"/>
  <testcase classname="TestCase09.ShoppingTest" name="signOutPage" time="1.773"/>
</testsuite> <!-- TestCase09.ShoppingTest -->
