<?xml version="1.0" encoding="UTF-8"?>
<!-- Generated by org.testng.reporters.JUnitReportReporter -->
<testsuite hostname="DESKTOP-7BQIMKS" failures="0" tests="2" name="TestCase03.Logout" time="4.604" errors="0" timestamp="2024-07-02T18:23:29 IST" skipped="0">
  <testcase classname="TestCase03.Logout" name="testlogin" time="2.451"/>
  <testcase classname="TestCase03.Logout" name="signOutPage" time="2.153"/>
</testsuite> <!-- TestCase03.Logout -->
