<?xml version="1.0" encoding="UTF-8"?>
<!-- Generated by org.testng.reporters.JUnitReportReporter -->
<testsuite hostname="DESKTOP-7BQIMKS" failures="0" tests="2" name="TestCase05.Register_User_with_existing_email" time="11.258" errors="0" timestamp="2024-07-02T22:42:55 IST" skipped="0">
  <testcase classname="TestCase05.Register_User_with_existing_email" name="verifyURL" time="0.040"/>
  <testcase classname="TestCase05.Register_User_with_existing_email" name="createAccountPageTest" time="11.218"/>
</testsuite> <!-- TestCase05.Register_User_with_existing_email -->
