<?xml version="1.0" encoding="UTF-8"?>
<!-- Generated by org.testng.reporters.JUnitReportReporter -->
<testsuite hostname="DESKTOP-7BQIMKS" failures="0" tests="10" name="TestCase09.ShoppingTest" time="52.548" errors="0" timestamp="2024-07-24T22:14:55 IST" skipped="0">
  <testcase classname="TestCase09.ShoppingTest" name="SignUppageTest" time="8.219"/>
  <testcase classname="TestCase09.ShoppingTest" name="shopToday" time="4.741"/>
  <testcase classname="TestCase09.ShoppingTest" name="climateFilter" time="2.241"/>
  <testcase classname="TestCase09.ShoppingTest" name="coolClimate" time="7.311"/>
  <testcase classname="TestCase09.ShoppingTest" name="selectItem" time="6.494"/>
  <testcase classname="TestCase09.ShoppingTest" name="selectSize" time="4.340"/>
  <testcase classname="TestCase09.ShoppingTest" name="AddToWishList" time="2.159"/>
  <testcase classname="TestCase09.ShoppingTest" name="ViewWishList" time="5.545"/>
  <testcase classname="TestCase09.ShoppingTest" name="ShippingAddress" time="9.272"/>
  <testcase classname="TestCase09.ShoppingTest" name="signOutPage" time="2.226"/>
</testsuite> <!-- TestCase09.ShoppingTest -->
