<?xml version="1.0" encoding="UTF-8"?>
<!-- Generated by org.testng.reporters.JUnitReportReporter -->
<testsuite hostname="DESKTOP-7BQIMKS" failures="0" tests="3" name="TestCase08.SortBy" time="6.646" errors="0" timestamp="2024-07-03T23:07:23 IST" skipped="0">
  <testcase classname="TestCase08.SortBy" name="womendropdown" time="3.813"/>
  <testcase classname="TestCase08.SortBy" name="sortByProductName" time="1.606"/>
  <testcase classname="TestCase08.SortBy" name="backTohomePage" time="1.227"/>
</testsuite> <!-- TestCase08.SortBy -->
