<?xml version="1.0" encoding="UTF-8"?>
<!-- Generated by org.testng.reporters.JUnitReportReporter -->
<testsuite hostname="DESKTOP-7BQIMKS" failures="0" tests="1" name="TestCase02.LoginPage" time="3.130" errors="0" timestamp="2024-07-02T13:25:42 IST" skipped="0">
  <testcase classname="TestCase02.LoginPage" name="testlogin" time="3.130"/>
</testsuite> <!-- TestCase02.LoginPage -->
