<?xml version="1.0" encoding="UTF-8"?>
<!-- Generated by org.testng.reporters.JUnitReportReporter -->
<testsuite hostname="DESKTOP-7BQIMKS" failures="0" tests="1" name="TestCase04.Login_User_with_incorrect_email_password" time="3.178" errors="0" timestamp="2024-07-02T18:29:12 IST" skipped="0">
  <testcase classname="TestCase04.Login_User_with_incorrect_email_password" name="testlogin" time="3.178"/>
</testsuite> <!-- TestCase04.Login_User_with_incorrect_email_password -->
