<?xml version="1.0" encoding="UTF-8"?>
<!-- Generated by org.testng.reporters.JUnitReportReporter -->
<testsuite hostname="DESKTOP-7BQIMKS" failures="0" tests="2" name="TestCase01.Create_account_page" time="7.782" errors="0" timestamp="2024-07-07T23:25:36 IST" skipped="0">
  <testcase classname="TestCase01.Create_account_page" name="verifyURL" time="0.028"/>
  <testcase classname="TestCase01.Create_account_page" name="createAccountPageTest" time="7.754"/>
</testsuite> <!-- TestCase01.Create_account_page -->
