<?xml version="1.0" encoding="UTF-8"?>
<!-- Generated by org.testng.reporters.JUnitReportReporter -->
<testsuite hostname="DESKTOP-7BQIMKS" failures="0" tests="6" name="TestCase06.Select_Women_Jacket" time="21.931" errors="0" timestamp="2024-07-03T22:57:56 IST" skipped="0">
  <testcase classname="TestCase06.Select_Women_Jacket" name="womendropdown" time="4.731"/>
  <testcase classname="TestCase06.Select_Women_Jacket" name="selectColor" time="4.092"/>
  <testcase classname="TestCase06.Select_Women_Jacket" name="selectJacket" time="4.471"/>
  <testcase classname="TestCase06.Select_Women_Jacket" name="selectSize" time="4.340"/>
  <testcase classname="TestCase06.Select_Women_Jacket" name="addTocart" time="2.151"/>
  <testcase classname="TestCase06.Select_Women_Jacket" name="viewTocart" time="2.146"/>
</testsuite> <!-- TestCase06.Select_Women_Jacket -->
