<?xml version="1.0" encoding="UTF-8"?>
<!-- Generated by org.testng.reporters.JUnitReportReporter -->
<testsuite hostname="DESKTOP-7BQIMKS" failures="0" tests="1" name="TestCase07.SearchButton" time="3.039" errors="0" timestamp="2024-07-03T23:04:09 IST" skipped="0">
  <testcase classname="TestCase07.SearchButton" name="searchButton" time="3.039"/>
</testsuite> <!-- TestCase07.SearchButton -->
