<?xml version="1.0" encoding="UTF-8"?>
<!-- Generated by org.testng.reporters.JUnitReportReporter -->
<testsuite hostname="DESKTOP-7BQIMKS" failures="0" tests="2" name="TestCase02.LogoutFunctionality_byDataProvider" time="8.340" errors="0" timestamp="2024-08-21T23:41:54 IST" skipped="0">
  <testcase classname="TestCase02.LogoutFunctionality_byDataProvider" name="testlogin" time="3.724"/>
  <system-out/>
  <testcase classname="TestCase02.LogoutFunctionality_byDataProvider" name="signOutPage" time="4.616"/>
  <system-out/>
</testsuite> <!-- TestCase02.LogoutFunctionality_byDataProvider -->
