<?xml version="1.0" encoding="UTF-8"?>
<!-- Generated by org.testng.reporters.JUnitReportReporter -->
<testsuite hostname="DESKTOP-7BQIMKS" failures="0" tests="2" name="TestCase02.Logout" time="10.349" errors="0" timestamp="2024-08-14T19:44:32 IST" skipped="0">
  <testcase classname="TestCase02.Logout" name="testlogin" time="4.537"/>
  <system-out/>
  <testcase classname="TestCase02.Logout" name="signOutPage" time="5.812"/>
  <system-out/>
</testsuite> <!-- TestCase02.Logout -->
