<?xml version="1.0" encoding="UTF-8"?>
<!-- Generated by org.testng.reporters.JUnitReportReporter -->
<testsuite hostname="DESKTOP-7BQIMKS" failures="0" tests="1" name="Playground.PlaygroundTest" time="5.237" errors="0" timestamp="2024-08-17T20:57:29 IST" skipped="0">
  <testcase classname="Playground.PlaygroundTest" name="testlogin" time="5.237"/>
  <system-out/>
</testsuite> <!-- Playground.PlaygroundTest -->
