<?xml version="1.0" encoding="UTF-8"?>
<!-- Generated by org.testng.reporters.JUnitReportReporter -->
<testsuite hostname="DESKTOP-7BQIMKS" failures="0" tests="6" name="MasterClass_POM.MasterClass" time="35.649" errors="0" timestamp="2024-08-21T23:39:45 IST" skipped="0">
  <testcase classname="MasterClass_POM.MasterClass" name="mainExecution" time="9.357"/>
  <system-out/>
  <testcase classname="MasterClass_POM.MasterClass" name="AdminCategory" time="4.093"/>
  <system-out/>
  <testcase classname="MasterClass_POM.MasterClass" name="FindSpecificUserTest" time="4.000"/>
  <system-out/>
  <testcase classname="MasterClass_POM.MasterClass" name="SearchAllUsersTest" time="3.852"/>
  <system-out/>
  <testcase classname="MasterClass_POM.MasterClass" name="LogOut" time="4.934"/>
  <system-out/>
  <testcase classname="MasterClass_POM.MasterClass" name="FailedTCScrnshot" time="9.413"/>
  <system-out/>
</testsuite> <!-- MasterClass_POM.MasterClass -->
