<?xml version="1.0" encoding="UTF-8"?>
<!-- Generated by org.testng.reporters.JUnitReportReporter -->
<testsuite hostname="DESKTOP-7BQIMKS" failures="0" tests="1" name="TestCase01.LoginPage" time="0.343" errors="0" timestamp="2024-08-14T18:48:44 IST" skipped="0">
  <testcase classname="TestCase01.LoginPage" name="testlogin" time="0.343"/>
  <system-out/>
</testsuite> <!-- TestCase01.LoginPage -->
