<?xml version="1.0" encoding="UTF-8"?>
<!-- Generated by org.testng.reporters.JUnitReportReporter -->
<testsuite hostname="DESKTOP-7BQIMKS" failures="0" tests="1" name="TestCase03_DDFW_Login.DDFW_Login" time="5.129" errors="0" timestamp="2024-08-21T23:42:48 IST" skipped="0">
  <testcase classname="TestCase03_DDFW_Login.DDFW_Login" name="Login" time="5.129"/>
  <system-out/>
</testsuite> <!-- TestCase03_DDFW_Login.DDFW_Login -->
