<?xml version="1.0" encoding="UTF-8"?>
<!-- Generated by org.testng.reporters.JUnitReportReporter -->
<testsuite hostname="DESKTOP-7BQIMKS" failures="0" tests="5" name="TestCase04.EndToEndTC_Login_To_Logout" time="16.064" errors="0" timestamp="2024-08-21T23:43:41 IST" skipped="0">
  <testcase classname="TestCase04.EndToEndTC_Login_To_Logout" name="testlogin" time="3.880"/>
  <system-out/>
  <testcase classname="TestCase04.EndToEndTC_Login_To_Logout" name="Admin" time="2.585"/>
  <system-out/>
  <testcase classname="TestCase04.EndToEndTC_Login_To_Logout" name="SpecificUsersTest" time="4.115"/>
  <system-out/>
  <testcase classname="TestCase04.EndToEndTC_Login_To_Logout" name="AllUsersTest" time="0.745"/>
  <system-out/>
  <testcase classname="TestCase04.EndToEndTC_Login_To_Logout" name="signOutPage" time="4.739"/>
  <system-out/>
</testsuite> <!-- TestCase04.EndToEndTC_Login_To_Logout -->
