<?xml version="1.0" encoding="UTF-8"?>
<!-- Generated by org.testng.reporters.JUnitReportReporter -->
<testsuite hostname="DESKTOP-7BQIMKS" failures="0" tests="1" name="TestCase01.LoginFunctionality_byDataProvider" time="0.704" errors="0" timestamp="2024-08-21T23:41:10 IST" skipped="0">
  <testcase classname="TestCase01.LoginFunctionality_byDataProvider" name="testlogin" time="0.704"/>
  <system-out/>
</testsuite> <!-- TestCase01.LoginFunctionality_byDataProvider -->
